{"timestamp":"2026-05-30T16:35:35.662144Z","level":"info","event":"DAG bundles loaded: dags-folder","logger":"airflow.dag_processing.bundles.manager.DagBundlesManager","filename":"manager.py","lineno":209}
{"timestamp":"2026-05-30T16:35:35.662618Z","level":"info","event":"Filling up the DagBag from /opt/airflow/dags/transformation_dbt.py","logger":"airflow.dag_processing.dagbag.BundleDagBag","filename":"dagbag.py","lineno":469}
{"timestamp":"2026-05-30T16:35:35.679526Z","level":"warning","event":"The `airflow.decorators.dag` attribute is deprecated. Please use `'airflow.sdk.dag'`.","category":"UserWarning","filename":"/opt/airflow/dags/transformation_dbt.py","lineno":2,"logger":"py.warnings"}
{"timestamp":"2026-05-30T16:35:35.679631Z","level":"warning","event":"The `airflow.decorators.task` attribute is deprecated. Please use `'airflow.sdk.task'`.","category":"UserWarning","filename":"/opt/airflow/dags/transformation_dbt.py","lineno":2,"logger":"py.warnings"}
{"timestamp":"2026-05-30T16:35:40.506716Z","level":"info","event":"\u001b[0m16:35:36  Running with dbt=1.11.11","logger":"task.stdout"}
{"timestamp":"2026-05-30T16:35:40.506963Z","level":"info","event":"\u001b[0m16:35:36  Registered adapter: bigquery=1.11.1","logger":"task.stdout"}
{"timestamp":"2026-05-30T16:35:40.507098Z","level":"info","event":"\u001b[0m16:35:37  [\u001b[33mWARNING\u001b[0m]: Configuration paths exist in your dbt_project.yml file which do not apply to any resources.","logger":"task.stdout"}
{"timestamp":"2026-05-30T16:35:40.507226Z","level":"info","event":"There are 1 unused configuration paths:","logger":"task.stdout"}
{"timestamp":"2026-05-30T16:35:40.507334Z","level":"info","event":"- models.retail_demand_pl.example","logger":"task.stdout"}
{"timestamp":"2026-05-30T16:35:40.507437Z","level":"info","event":"\u001b[0m16:35:37  Found 6 models, 6 sources, 600 macros","logger":"task.stdout"}
{"timestamp":"2026-05-30T16:35:40.507498Z","level":"info","event":"\u001b[0m16:35:37","logger":"task.stdout"}
{"timestamp":"2026-05-30T16:35:40.507564Z","level":"info","event":"\u001b[0m16:35:37  Concurrency: 4 threads (target='dev')","logger":"task.stdout"}
{"timestamp":"2026-05-30T16:35:40.507637Z","level":"info","event":"\u001b[0m16:35:37","logger":"task.stdout"}
{"timestamp":"2026-05-30T16:35:40.507720Z","level":"info","event":"\u001b[0m16:35:37  1 of 2 START sql view model retail_demand_pl_dataset.fct_daily_sales ........... [RUN]","logger":"task.stdout"}
{"timestamp":"2026-05-30T16:35:40.507808Z","level":"info","event":"\u001b[0m16:35:38  1 of 2 OK created sql view model retail_demand_pl_dataset.fct_daily_sales ...... [\u001b[32mCREATE VIEW (0 processed)\u001b[0m in 1.15s]","logger":"task.stdout"}
{"timestamp":"2026-05-30T16:35:40.507882Z","level":"info","event":"\u001b[0m16:35:38  2 of 2 START sql view model retail_demand_pl_dataset.fct_demand_features ....... [RUN]","logger":"task.stdout"}
{"timestamp":"2026-05-30T16:35:40.507954Z","level":"info","event":"\u001b[0m16:35:40  2 of 2 OK created sql view model retail_demand_pl_dataset.fct_demand_features .. [\u001b[32mCREATE VIEW (0 processed)\u001b[0m in 1.24s]","logger":"task.stdout"}
{"timestamp":"2026-05-30T16:35:40.508021Z","level":"info","event":"\u001b[0m16:35:40","logger":"task.stdout"}
{"timestamp":"2026-05-30T16:35:40.508102Z","level":"info","event":"\u001b[0m16:35:40  Finished running 2 view models in 0 hours 0 minutes and 3.10 seconds (3.10s).","logger":"task.stdout"}
{"timestamp":"2026-05-30T16:35:40.508175Z","level":"info","event":"\u001b[0m16:35:40","logger":"task.stdout"}
{"timestamp":"2026-05-30T16:35:40.508241Z","level":"info","event":"\u001b[0m16:35:40  \u001b[32mCompleted successfully\u001b[0m","logger":"task.stdout"}
{"timestamp":"2026-05-30T16:35:40.508320Z","level":"info","event":"\u001b[0m16:35:40","logger":"task.stdout"}
{"timestamp":"2026-05-30T16:35:40.508390Z","level":"info","event":"\u001b[0m16:35:40  Done. PASS=2 WARN=0 ERROR=0 SKIP=0 NO-OP=0 TOTAL=2","logger":"task.stdout"}
{"timestamp":"2026-05-30T16:35:40.508460Z","level":"info","event":"","logger":"task.stdout"}
{"timestamp":"2026-05-30T16:35:40.506691Z","level":"info","event":"Done. Returned value was: None","logger":"airflow.task.operators.airflow.providers.standard.decorators.python._PythonDecoratedOperator","filename":"python.py","lineno":229}
