{"timestamp":"2026-05-30T16:35:30.304509Z","level":"info","event":"DAG bundles loaded: dags-folder","logger":"airflow.dag_processing.bundles.manager.DagBundlesManager","filename":"manager.py","lineno":209}
{"timestamp":"2026-05-30T16:35:30.305515Z","level":"info","event":"Filling up the DagBag from /opt/airflow/dags/transformation_dbt.py","logger":"airflow.dag_processing.dagbag.BundleDagBag","filename":"dagbag.py","lineno":469}
{"timestamp":"2026-05-30T16:35:30.327276Z","level":"warning","event":"The `airflow.decorators.dag` attribute is deprecated. Please use `'airflow.sdk.dag'`.","category":"UserWarning","filename":"/opt/airflow/dags/transformation_dbt.py","lineno":2,"logger":"py.warnings"}
{"timestamp":"2026-05-30T16:35:30.327360Z","level":"warning","event":"The `airflow.decorators.task` attribute is deprecated. Please use `'airflow.sdk.task'`.","category":"UserWarning","filename":"/opt/airflow/dags/transformation_dbt.py","lineno":2,"logger":"py.warnings"}
{"timestamp":"2026-05-30T16:35:35.187009Z","level":"info","event":"\u001b[0m16:35:31  Running with dbt=1.11.11","logger":"task.stdout"}
{"timestamp":"2026-05-30T16:35:35.191146Z","level":"info","event":"\u001b[0m16:35:32  Registered adapter: bigquery=1.11.1","logger":"task.stdout"}
{"timestamp":"2026-05-30T16:35:35.191458Z","level":"info","event":"\u001b[0m16:35:32  [\u001b[33mWARNING\u001b[0m]: Configuration paths exist in your dbt_project.yml file which do not apply to any resources.","logger":"task.stdout"}
{"timestamp":"2026-05-30T16:35:35.191640Z","level":"info","event":"There are 1 unused configuration paths:","logger":"task.stdout"}
{"timestamp":"2026-05-30T16:35:35.191833Z","level":"info","event":"- models.retail_demand_pl.example","logger":"task.stdout"}
{"timestamp":"2026-05-30T16:35:35.191950Z","level":"info","event":"\u001b[0m16:35:32  Found 6 models, 6 sources, 600 macros","logger":"task.stdout"}
{"timestamp":"2026-05-30T16:35:35.192103Z","level":"info","event":"\u001b[0m16:35:32","logger":"task.stdout"}
{"timestamp":"2026-05-30T16:35:35.192228Z","level":"info","event":"\u001b[0m16:35:32  Concurrency: 4 threads (target='dev')","logger":"task.stdout"}
{"timestamp":"2026-05-30T16:35:35.192376Z","level":"info","event":"\u001b[0m16:35:32","logger":"task.stdout"}
{"timestamp":"2026-05-30T16:35:35.192495Z","level":"info","event":"\u001b[0m16:35:33  1 of 4 START sql view model retail_demand_pl_dataset.stg_m5_calendar ........... [RUN]","logger":"task.stdout"}
{"timestamp":"2026-05-30T16:35:35.192586Z","level":"info","event":"\u001b[0m16:35:33  3 of 4 START sql view model retail_demand_pl_dataset.stg_m5_sell_prices ........ [RUN]","logger":"task.stdout"}
{"timestamp":"2026-05-30T16:35:35.192712Z","level":"info","event":"\u001b[0m16:35:33  4 of 4 START sql view model retail_demand_pl_dataset.stg_weather ............... [RUN]","logger":"task.stdout"}
{"timestamp":"2026-05-30T16:35:35.192826Z","level":"info","event":"\u001b[0m16:35:33  2 of 4 START sql view model retail_demand_pl_dataset.stg_m5_sales .............. [RUN]","logger":"task.stdout"}
{"timestamp":"2026-05-30T16:35:35.192900Z","level":"info","event":"\u001b[0m16:35:34  3 of 4 OK created sql view model retail_demand_pl_dataset.stg_m5_sell_prices ... [\u001b[32mCREATE VIEW (0 processed)\u001b[0m in 0.95s]","logger":"task.stdout"}
{"timestamp":"2026-05-30T16:35:35.192990Z","level":"info","event":"\u001b[0m16:35:34  1 of 4 OK created sql view model retail_demand_pl_dataset.stg_m5_calendar ...... [\u001b[32mCREATE VIEW (0 processed)\u001b[0m in 0.95s]","logger":"task.stdout"}
{"timestamp":"2026-05-30T16:35:35.193060Z","level":"info","event":"\u001b[0m16:35:34  4 of 4 OK created sql view model retail_demand_pl_dataset.stg_weather .......... [\u001b[32mCREATE VIEW (0 processed)\u001b[0m in 1.04s]","logger":"task.stdout"}
{"timestamp":"2026-05-30T16:35:35.193176Z","level":"info","event":"\u001b[0m16:35:34  2 of 4 OK created sql view model retail_demand_pl_dataset.stg_m5_sales ......... [\u001b[32mCREATE VIEW (0 processed)\u001b[0m in 1.06s]","logger":"task.stdout"}
{"timestamp":"2026-05-30T16:35:35.193248Z","level":"info","event":"\u001b[0m16:35:34","logger":"task.stdout"}
{"timestamp":"2026-05-30T16:35:35.193367Z","level":"info","event":"\u001b[0m16:35:34  Finished running 4 view models in 0 hours 0 minutes and 2.07 seconds (2.07s).","logger":"task.stdout"}
{"timestamp":"2026-05-30T16:35:35.193442Z","level":"info","event":"\u001b[0m16:35:34","logger":"task.stdout"}
{"timestamp":"2026-05-30T16:35:35.193539Z","level":"info","event":"\u001b[0m16:35:34  \u001b[32mCompleted successfully\u001b[0m","logger":"task.stdout"}
{"timestamp":"2026-05-30T16:35:35.193611Z","level":"info","event":"\u001b[0m16:35:34","logger":"task.stdout"}
{"timestamp":"2026-05-30T16:35:35.193708Z","level":"info","event":"\u001b[0m16:35:34  Done. PASS=4 WARN=0 ERROR=0 SKIP=0 NO-OP=0 TOTAL=4","logger":"task.stdout"}
{"timestamp":"2026-05-30T16:35:35.193790Z","level":"info","event":"","logger":"task.stdout"}
{"timestamp":"2026-05-30T16:35:35.186779Z","level":"info","event":"Done. Returned value was: None","logger":"airflow.task.operators.airflow.providers.standard.decorators.python._PythonDecoratedOperator","filename":"python.py","lineno":229}
