{"timestamp":"2026-05-30T16:40:34.499950Z","level":"info","event":"DAG bundles loaded: dags-folder","logger":"airflow.dag_processing.bundles.manager.DagBundlesManager","filename":"manager.py","lineno":209}
{"timestamp":"2026-05-30T16:40:34.500823Z","level":"info","event":"Filling up the DagBag from /opt/airflow/dags/transformation_dbt.py","logger":"airflow.dag_processing.dagbag.BundleDagBag","filename":"dagbag.py","lineno":469}
{"timestamp":"2026-05-30T16:40:34.541420Z","level":"warning","event":"The `airflow.decorators.dag` attribute is deprecated. Please use `'airflow.sdk.dag'`.","category":"UserWarning","filename":"/opt/airflow/dags/transformation_dbt.py","lineno":2,"logger":"py.warnings"}
{"timestamp":"2026-05-30T16:40:34.541483Z","level":"warning","event":"The `airflow.decorators.task` attribute is deprecated. Please use `'airflow.sdk.task'`.","category":"UserWarning","filename":"/opt/airflow/dags/transformation_dbt.py","lineno":2,"logger":"py.warnings"}
{"timestamp":"2026-05-30T16:40:40.102844Z","level":"info","event":"\u001b[0m16:40:35  Running with dbt=1.11.11","logger":"task.stdout"}
{"timestamp":"2026-05-30T16:40:40.103598Z","level":"info","event":"\u001b[0m16:40:36  Registered adapter: bigquery=1.11.1","logger":"task.stdout"}
{"timestamp":"2026-05-30T16:40:40.103797Z","level":"info","event":"\u001b[0m16:40:36  [\u001b[33mWARNING\u001b[0m]: Configuration paths exist in your dbt_project.yml file which do not apply to any resources.","logger":"task.stdout"}
{"timestamp":"2026-05-30T16:40:40.103955Z","level":"info","event":"There are 1 unused configuration paths:","logger":"task.stdout"}
{"timestamp":"2026-05-30T16:40:40.104061Z","level":"info","event":"- models.retail_demand_pl.example","logger":"task.stdout"}
{"timestamp":"2026-05-30T16:40:40.104148Z","level":"info","event":"\u001b[0m16:40:36  Found 6 models, 6 sources, 600 macros","logger":"task.stdout"}
{"timestamp":"2026-05-30T16:40:40.104241Z","level":"info","event":"\u001b[0m16:40:36","logger":"task.stdout"}
{"timestamp":"2026-05-30T16:40:40.104348Z","level":"info","event":"\u001b[0m16:40:36  Concurrency: 4 threads (target='dev')","logger":"task.stdout"}
{"timestamp":"2026-05-30T16:40:40.104439Z","level":"info","event":"\u001b[0m16:40:36","logger":"task.stdout"}
{"timestamp":"2026-05-30T16:40:40.104523Z","level":"info","event":"\u001b[0m16:40:37  1 of 2 START sql view model retail_demand_pl_dataset.fct_daily_sales ........... [RUN]","logger":"task.stdout"}
{"timestamp":"2026-05-30T16:40:40.104587Z","level":"info","event":"\u001b[0m16:40:38  1 of 2 OK created sql view model retail_demand_pl_dataset.fct_daily_sales ...... [\u001b[32mCREATE VIEW (0 processed)\u001b[0m in 1.42s]","logger":"task.stdout"}
{"timestamp":"2026-05-30T16:40:40.104685Z","level":"info","event":"\u001b[0m16:40:38  2 of 2 START sql view model retail_demand_pl_dataset.fct_demand_features ....... [RUN]","logger":"task.stdout"}
{"timestamp":"2026-05-30T16:40:40.104771Z","level":"info","event":"\u001b[0m16:40:39  2 of 2 OK created sql view model retail_demand_pl_dataset.fct_demand_features .. [\u001b[32mCREATE VIEW (0 processed)\u001b[0m in 1.07s]","logger":"task.stdout"}
{"timestamp":"2026-05-30T16:40:40.104837Z","level":"info","event":"\u001b[0m16:40:39","logger":"task.stdout"}
{"timestamp":"2026-05-30T16:40:40.104906Z","level":"info","event":"\u001b[0m16:40:39  Finished running 2 view models in 0 hours 0 minutes and 3.31 seconds (3.31s).","logger":"task.stdout"}
{"timestamp":"2026-05-30T16:40:40.104974Z","level":"info","event":"\u001b[0m16:40:39","logger":"task.stdout"}
{"timestamp":"2026-05-30T16:40:40.105021Z","level":"info","event":"\u001b[0m16:40:39  \u001b[32mCompleted successfully\u001b[0m","logger":"task.stdout"}
{"timestamp":"2026-05-30T16:40:40.105063Z","level":"info","event":"\u001b[0m16:40:39","logger":"task.stdout"}
{"timestamp":"2026-05-30T16:40:40.105124Z","level":"info","event":"\u001b[0m16:40:39  Done. PASS=2 WARN=0 ERROR=0 SKIP=0 NO-OP=0 TOTAL=2","logger":"task.stdout"}
{"timestamp":"2026-05-30T16:40:40.105188Z","level":"info","event":"","logger":"task.stdout"}
{"timestamp":"2026-05-30T16:40:40.102545Z","level":"info","event":"Done. Returned value was: None","logger":"airflow.task.operators.airflow.providers.standard.decorators.python._PythonDecoratedOperator","filename":"python.py","lineno":229}
