{"timestamp":"2026-05-30T16:26:59.545875Z","level":"info","event":"DAG bundles loaded: dags-folder","logger":"airflow.dag_processing.bundles.manager.DagBundlesManager","filename":"manager.py","lineno":209}
{"timestamp":"2026-05-30T16:26:59.546576Z","level":"info","event":"Filling up the DagBag from /opt/airflow/dags/transformation_dbt.py","logger":"airflow.dag_processing.dagbag.BundleDagBag","filename":"dagbag.py","lineno":469}
{"timestamp":"2026-05-30T16:26:59.564574Z","level":"warning","event":"The `airflow.decorators.dag` attribute is deprecated. Please use `'airflow.sdk.dag'`.","category":"UserWarning","filename":"/opt/airflow/dags/transformation_dbt.py","lineno":2,"logger":"py.warnings"}
{"timestamp":"2026-05-30T16:26:59.564630Z","level":"warning","event":"The `airflow.decorators.task` attribute is deprecated. Please use `'airflow.sdk.task'`.","category":"UserWarning","filename":"/opt/airflow/dags/transformation_dbt.py","lineno":2,"logger":"py.warnings"}
{"timestamp":"2026-05-30T16:27:04.127426Z","level":"info","event":"\u001b[0m16:27:00  Running with dbt=1.11.11","logger":"task.stdout"}
{"timestamp":"2026-05-30T16:27:04.132102Z","level":"info","event":"\u001b[0m16:27:01  Registered adapter: bigquery=1.11.1","logger":"task.stdout"}
{"timestamp":"2026-05-30T16:27:04.132269Z","level":"info","event":"\u001b[0m16:27:01  [\u001b[33mWARNING\u001b[0m]: Configuration paths exist in your dbt_project.yml file which do not apply to any resources.","logger":"task.stdout"}
{"timestamp":"2026-05-30T16:27:04.132461Z","level":"info","event":"There are 1 unused configuration paths:","logger":"task.stdout"}
{"timestamp":"2026-05-30T16:27:04.132587Z","level":"info","event":"- models.retail_demand_pl.example","logger":"task.stdout"}
{"timestamp":"2026-05-30T16:27:04.132699Z","level":"info","event":"\u001b[0m16:27:01  Found 6 models, 6 sources, 600 macros","logger":"task.stdout"}
{"timestamp":"2026-05-30T16:27:04.132848Z","level":"info","event":"\u001b[0m16:27:01","logger":"task.stdout"}
{"timestamp":"2026-05-30T16:27:04.132943Z","level":"info","event":"\u001b[0m16:27:01  Concurrency: 4 threads (target='dev')","logger":"task.stdout"}
{"timestamp":"2026-05-30T16:27:04.133064Z","level":"info","event":"\u001b[0m16:27:01","logger":"task.stdout"}
{"timestamp":"2026-05-30T16:27:04.133171Z","level":"info","event":"\u001b[0m16:27:02  1 of 4 START sql view model retail_demand_pl_dataset.stg_m5_calendar ........... [RUN]","logger":"task.stdout"}
{"timestamp":"2026-05-30T16:27:04.133274Z","level":"info","event":"\u001b[0m16:27:02  2 of 4 START sql view model retail_demand_pl_dataset.stg_m5_sales .............. [RUN]","logger":"task.stdout"}
{"timestamp":"2026-05-30T16:27:04.133393Z","level":"info","event":"\u001b[0m16:27:02  4 of 4 START sql view model retail_demand_pl_dataset.stg_weather ............... [RUN]","logger":"task.stdout"}
{"timestamp":"2026-05-30T16:27:04.133498Z","level":"info","event":"\u001b[0m16:27:02  3 of 4 START sql view model retail_demand_pl_dataset.stg_m5_sell_prices ........ [RUN]","logger":"task.stdout"}
{"timestamp":"2026-05-30T16:27:04.133604Z","level":"info","event":"\u001b[0m16:27:03  4 of 4 OK created sql view model retail_demand_pl_dataset.stg_weather .......... [\u001b[32mCREATE VIEW (0 processed)\u001b[0m in 1.38s]","logger":"task.stdout"}
{"timestamp":"2026-05-30T16:27:04.133707Z","level":"info","event":"\u001b[0m16:27:03  1 of 4 OK created sql view model retail_demand_pl_dataset.stg_m5_calendar ...... [\u001b[32mCREATE VIEW (0 processed)\u001b[0m in 1.39s]","logger":"task.stdout"}
{"timestamp":"2026-05-30T16:27:04.133788Z","level":"info","event":"\u001b[0m16:27:03  3 of 4 OK created sql view model retail_demand_pl_dataset.stg_m5_sell_prices ... [\u001b[32mCREATE VIEW (0 processed)\u001b[0m in 1.43s]","logger":"task.stdout"}
{"timestamp":"2026-05-30T16:27:04.133888Z","level":"info","event":"\u001b[0m16:27:03  2 of 4 OK created sql view model retail_demand_pl_dataset.stg_m5_sales ......... [\u001b[32mCREATE VIEW (0 processed)\u001b[0m in 1.43s]","logger":"task.stdout"}
{"timestamp":"2026-05-30T16:27:04.133974Z","level":"info","event":"\u001b[0m16:27:03","logger":"task.stdout"}
{"timestamp":"2026-05-30T16:27:04.134092Z","level":"info","event":"\u001b[0m16:27:03  Finished running 4 view models in 0 hours 0 minutes and 2.46 seconds (2.46s).","logger":"task.stdout"}
{"timestamp":"2026-05-30T16:27:04.134172Z","level":"info","event":"\u001b[0m16:27:03","logger":"task.stdout"}
{"timestamp":"2026-05-30T16:27:04.134244Z","level":"info","event":"\u001b[0m16:27:03  \u001b[32mCompleted successfully\u001b[0m","logger":"task.stdout"}
{"timestamp":"2026-05-30T16:27:04.134332Z","level":"info","event":"\u001b[0m16:27:03","logger":"task.stdout"}
{"timestamp":"2026-05-30T16:27:04.134402Z","level":"info","event":"\u001b[0m16:27:03  Done. PASS=4 WARN=0 ERROR=0 SKIP=0 NO-OP=0 TOTAL=4","logger":"task.stdout"}
{"timestamp":"2026-05-30T16:27:04.134473Z","level":"info","event":"","logger":"task.stdout"}
{"timestamp":"2026-05-30T16:27:04.126263Z","level":"info","event":"Done. Returned value was: None","logger":"airflow.task.operators.airflow.providers.standard.decorators.python._PythonDecoratedOperator","filename":"python.py","lineno":229}
