{"timestamp":"2026-05-30T16:40:30.354958Z","level":"info","event":"DAG bundles loaded: dags-folder","logger":"airflow.dag_processing.bundles.manager.DagBundlesManager","filename":"manager.py","lineno":209}
{"timestamp":"2026-05-30T16:40:30.355777Z","level":"info","event":"Filling up the DagBag from /opt/airflow/dags/transformation_dbt.py","logger":"airflow.dag_processing.dagbag.BundleDagBag","filename":"dagbag.py","lineno":469}
{"timestamp":"2026-05-30T16:40:30.395047Z","level":"warning","event":"The `airflow.decorators.dag` attribute is deprecated. Please use `'airflow.sdk.dag'`.","category":"UserWarning","filename":"/opt/airflow/dags/transformation_dbt.py","lineno":2,"logger":"py.warnings"}
{"timestamp":"2026-05-30T16:40:30.395116Z","level":"warning","event":"The `airflow.decorators.task` attribute is deprecated. Please use `'airflow.sdk.task'`.","category":"UserWarning","filename":"/opt/airflow/dags/transformation_dbt.py","lineno":2,"logger":"py.warnings"}
{"timestamp":"2026-05-30T16:40:34.230980Z","level":"info","event":"\u001b[0m16:40:31  Running with dbt=1.11.11","logger":"task.stdout"}
{"timestamp":"2026-05-30T16:40:34.231601Z","level":"info","event":"\u001b[0m16:40:31  Registered adapter: bigquery=1.11.1","logger":"task.stdout"}
{"timestamp":"2026-05-30T16:40:34.231794Z","level":"info","event":"\u001b[0m16:40:32  [\u001b[33mWARNING\u001b[0m]: Configuration paths exist in your dbt_project.yml file which do not apply to any resources.","logger":"task.stdout"}
{"timestamp":"2026-05-30T16:40:34.231935Z","level":"info","event":"There are 1 unused configuration paths:","logger":"task.stdout"}
{"timestamp":"2026-05-30T16:40:34.232064Z","level":"info","event":"- models.retail_demand_pl.example","logger":"task.stdout"}
{"timestamp":"2026-05-30T16:40:34.232183Z","level":"info","event":"\u001b[0m16:40:32  Found 6 models, 6 sources, 600 macros","logger":"task.stdout"}
{"timestamp":"2026-05-30T16:40:34.232283Z","level":"info","event":"\u001b[0m16:40:32","logger":"task.stdout"}
{"timestamp":"2026-05-30T16:40:34.232356Z","level":"info","event":"\u001b[0m16:40:32  Concurrency: 4 threads (target='dev')","logger":"task.stdout"}
{"timestamp":"2026-05-30T16:40:34.232451Z","level":"info","event":"\u001b[0m16:40:32","logger":"task.stdout"}
{"timestamp":"2026-05-30T16:40:34.232523Z","level":"info","event":"\u001b[0m16:40:32  3 of 4 START sql view model retail_demand_pl_dataset.stg_m5_sell_prices ........ [RUN]","logger":"task.stdout"}
{"timestamp":"2026-05-30T16:40:34.232593Z","level":"info","event":"\u001b[0m16:40:32  1 of 4 START sql view model retail_demand_pl_dataset.stg_m5_calendar ........... [RUN]","logger":"task.stdout"}
{"timestamp":"2026-05-30T16:40:34.232671Z","level":"info","event":"\u001b[0m16:40:32  2 of 4 START sql view model retail_demand_pl_dataset.stg_m5_sales .............. [RUN]","logger":"task.stdout"}
{"timestamp":"2026-05-30T16:40:34.232747Z","level":"info","event":"\u001b[0m16:40:32  4 of 4 START sql view model retail_demand_pl_dataset.stg_weather ............... [RUN]","logger":"task.stdout"}
{"timestamp":"2026-05-30T16:40:34.232827Z","level":"info","event":"\u001b[0m16:40:33  1 of 4 OK created sql view model retail_demand_pl_dataset.stg_m5_calendar ...... [\u001b[32mCREATE VIEW (0 processed)\u001b[0m in 0.90s]","logger":"task.stdout"}
{"timestamp":"2026-05-30T16:40:34.232921Z","level":"info","event":"\u001b[0m16:40:33  3 of 4 OK created sql view model retail_demand_pl_dataset.stg_m5_sell_prices ... [\u001b[32mCREATE VIEW (0 processed)\u001b[0m in 0.91s]","logger":"task.stdout"}
{"timestamp":"2026-05-30T16:40:34.232990Z","level":"info","event":"\u001b[0m16:40:33  2 of 4 OK created sql view model retail_demand_pl_dataset.stg_m5_sales ......... [\u001b[32mCREATE VIEW (0 processed)\u001b[0m in 0.91s]","logger":"task.stdout"}
{"timestamp":"2026-05-30T16:40:34.233079Z","level":"info","event":"\u001b[0m16:40:33  4 of 4 OK created sql view model retail_demand_pl_dataset.stg_weather .......... [\u001b[32mCREATE VIEW (0 processed)\u001b[0m in 0.90s]","logger":"task.stdout"}
{"timestamp":"2026-05-30T16:40:34.233177Z","level":"info","event":"\u001b[0m16:40:33","logger":"task.stdout"}
{"timestamp":"2026-05-30T16:40:34.233281Z","level":"info","event":"\u001b[0m16:40:33  Finished running 4 view models in 0 hours 0 minutes and 1.72 seconds (1.72s).","logger":"task.stdout"}
{"timestamp":"2026-05-30T16:40:34.233355Z","level":"info","event":"\u001b[0m16:40:33","logger":"task.stdout"}
{"timestamp":"2026-05-30T16:40:34.233428Z","level":"info","event":"\u001b[0m16:40:33  \u001b[32mCompleted successfully\u001b[0m","logger":"task.stdout"}
{"timestamp":"2026-05-30T16:40:34.233501Z","level":"info","event":"\u001b[0m16:40:33","logger":"task.stdout"}
{"timestamp":"2026-05-30T16:40:34.233572Z","level":"info","event":"\u001b[0m16:40:33  Done. PASS=4 WARN=0 ERROR=0 SKIP=0 NO-OP=0 TOTAL=4","logger":"task.stdout"}
{"timestamp":"2026-05-30T16:40:34.233638Z","level":"info","event":"","logger":"task.stdout"}
{"timestamp":"2026-05-30T16:40:34.230877Z","level":"info","event":"Done. Returned value was: None","logger":"airflow.task.operators.airflow.providers.standard.decorators.python._PythonDecoratedOperator","filename":"python.py","lineno":229}
