{"timestamp":"2026-05-30T16:50:11.744772Z","level":"info","event":"DAG bundles loaded: dags-folder","logger":"airflow.dag_processing.bundles.manager.DagBundlesManager","filename":"manager.py","lineno":209}
{"timestamp":"2026-05-30T16:50:11.745241Z","level":"info","event":"Filling up the DagBag from /opt/airflow/dags/transformation_dbt.py","logger":"airflow.dag_processing.dagbag.BundleDagBag","filename":"dagbag.py","lineno":469}
{"timestamp":"2026-05-30T16:50:11.769309Z","level":"warning","event":"The `airflow.decorators.dag` attribute is deprecated. Please use `'airflow.sdk.dag'`.","category":"UserWarning","filename":"/opt/airflow/dags/transformation_dbt.py","lineno":2,"logger":"py.warnings"}
{"timestamp":"2026-05-30T16:50:11.769376Z","level":"warning","event":"The `airflow.decorators.task` attribute is deprecated. Please use `'airflow.sdk.task'`.","category":"UserWarning","filename":"/opt/airflow/dags/transformation_dbt.py","lineno":2,"logger":"py.warnings"}
{"timestamp":"2026-05-30T16:50:17.157896Z","level":"info","event":"\u001b[0m16:50:12  Running with dbt=1.11.11","logger":"task.stdout"}
{"timestamp":"2026-05-30T16:50:17.158105Z","level":"info","event":"\u001b[0m16:50:12  Registered adapter: bigquery=1.11.1","logger":"task.stdout"}
{"timestamp":"2026-05-30T16:50:17.158246Z","level":"info","event":"\u001b[0m16:50:13  [\u001b[33mWARNING\u001b[0m]: Configuration paths exist in your dbt_project.yml file which do not apply to any resources.","logger":"task.stdout"}
{"timestamp":"2026-05-30T16:50:17.158340Z","level":"info","event":"There are 1 unused configuration paths:","logger":"task.stdout"}
{"timestamp":"2026-05-30T16:50:17.158443Z","level":"info","event":"- models.retail_demand_pl.example","logger":"task.stdout"}
{"timestamp":"2026-05-30T16:50:17.158528Z","level":"info","event":"\u001b[0m16:50:13  Found 6 models, 6 sources, 600 macros","logger":"task.stdout"}
{"timestamp":"2026-05-30T16:50:17.158621Z","level":"info","event":"\u001b[0m16:50:13","logger":"task.stdout"}
{"timestamp":"2026-05-30T16:50:17.158721Z","level":"info","event":"\u001b[0m16:50:13  Concurrency: 4 threads (target='dev')","logger":"task.stdout"}
{"timestamp":"2026-05-30T16:50:17.158799Z","level":"info","event":"\u001b[0m16:50:13","logger":"task.stdout"}
{"timestamp":"2026-05-30T16:50:17.158879Z","level":"info","event":"\u001b[0m16:50:13  1 of 2 START sql view model retail_demand_pl_dataset.fct_daily_sales ........... [RUN]","logger":"task.stdout"}
{"timestamp":"2026-05-30T16:50:17.158968Z","level":"info","event":"\u001b[0m16:50:15  1 of 2 OK created sql view model retail_demand_pl_dataset.fct_daily_sales ...... [\u001b[32mCREATE VIEW (0 processed)\u001b[0m in 1.36s]","logger":"task.stdout"}
{"timestamp":"2026-05-30T16:50:17.159062Z","level":"info","event":"\u001b[0m16:50:15  2 of 2 START sql view model retail_demand_pl_dataset.fct_demand_features ....... [RUN]","logger":"task.stdout"}
{"timestamp":"2026-05-30T16:50:17.159142Z","level":"info","event":"\u001b[0m16:50:16  2 of 2 OK created sql view model retail_demand_pl_dataset.fct_demand_features .. [\u001b[32mCREATE VIEW (0 processed)\u001b[0m in 1.75s]","logger":"task.stdout"}
{"timestamp":"2026-05-30T16:50:17.159215Z","level":"info","event":"\u001b[0m16:50:16","logger":"task.stdout"}
{"timestamp":"2026-05-30T16:50:17.159293Z","level":"info","event":"\u001b[0m16:50:16  Finished running 2 view models in 0 hours 0 minutes and 3.79 seconds (3.79s).","logger":"task.stdout"}
{"timestamp":"2026-05-30T16:50:17.159361Z","level":"info","event":"\u001b[0m16:50:16","logger":"task.stdout"}
{"timestamp":"2026-05-30T16:50:17.159435Z","level":"info","event":"\u001b[0m16:50:16  \u001b[32mCompleted successfully\u001b[0m","logger":"task.stdout"}
{"timestamp":"2026-05-30T16:50:17.159498Z","level":"info","event":"\u001b[0m16:50:16","logger":"task.stdout"}
{"timestamp":"2026-05-30T16:50:17.159572Z","level":"info","event":"\u001b[0m16:50:16  Done. PASS=2 WARN=0 ERROR=0 SKIP=0 NO-OP=0 TOTAL=2","logger":"task.stdout"}
{"timestamp":"2026-05-30T16:50:17.159643Z","level":"info","event":"","logger":"task.stdout"}
{"timestamp":"2026-05-30T16:50:17.157618Z","level":"info","event":"Done. Returned value was: None","logger":"airflow.task.operators.airflow.providers.standard.decorators.python._PythonDecoratedOperator","filename":"python.py","lineno":229}
